May 23, 2013 5:29:32 PM oracle.mds
WARNING: The default CharSet MacRoman is not a unicode character set. File names with non-ASCII characters may not operate as expected. Check locale settings.
WARNING: Failed to find a component type file: compositeDN = "default/SwADemoClient!1.0" and component="ExpenseUploadWS".
Load of wsdl "ExpenseUploadWS.wsdl" failed
oracle.fabric.common.FabricException: Error in getting XML input stream: file:/Users/stewartleach/Logicaltech/clients/entity/projects/finance-proof-of-concept/Source/SOAPwithAttachments/SwADemoClient/ExpenseUploadWS.wsdl: /Users/stewartleach/Logicaltech/clients/entity/projects/finance-proof-of-concept/Source/SOAPwithAttachments/SwADemoClient/ExpenseUploadWS.wsdl (No such file or directory)
	at oracle.fabric.common.metadata.MetadataManagerImpl.getInputStreamFromAbsoluteURL(MetadataManagerImpl.java:280)
	at oracle.integration.platform.common.MDSMetadataManagerImpl.getInputStreamFromAbsoluteURL(MDSMetadataManagerImpl.java:557)
	at oracle.fabric.common.metadata.MetadataManagerImpl.getDocumentAsInputStream(MetadataManagerImpl.java:159)
	at oracle.integration.platform.common.MDSMetadataManagerImpl.getDocumentAsInputStream(MDSMetadataManagerImpl.java:419)
	at oracle.fabric.common.wsdl.WSDLManager.loadWSDL(WSDLManager.java:244)
	at oracle.fabric.common.wsdl.WSDLManager.loadWSDL(WSDLManager.java:308)
	at oracle.soa.scac.ValidateComposite.loadWSDLs(ValidateComposite.java:934)
	at oracle.soa.scac.ValidateComposite.doValidation(ValidateComposite.java:491)
	at oracle.soa.scac.ValidateComposite.run(ValidateComposite.java:150)
	at oracle.soa.scac.ValidateComposite.main(ValidateComposite.java:135)
Caused by: java.io.FileNotFoundException: /Users/stewartleach/Logicaltech/clients/entity/projects/finance-proof-of-concept/Source/SOAPwithAttachments/SwADemoClient/ExpenseUploadWS.wsdl (No such file or directory)
	at java.io.FileInputStream.open(Native Method)
	at java.io.FileInputStream.<init>(FileInputStream.java:120)
	at java.io.FileInputStream.<init>(FileInputStream.java:79)
	at sun.net.www.protocol.file.FileURLConnection.connect(FileURLConnection.java:70)
	at sun.net.www.protocol.file.FileURLConnection.getInputStream(FileURLConnection.java:161)
	at java.net.URL.openStream(URL.java:1010)
	at oracle.fabric.common.metadata.MetadataManagerImpl.getInputStreamFromAbsoluteURL(MetadataManagerImpl.java:276)
	... 9 more
INFO: XMLSchema incremental build enabled.
Service "expenseuploadws_client_ep" does not exist in wsdl
oracle.fabric.common.FabricException: Cannot find Port Type "{http://xmlns.oracle.com/EntityServiceLayerPOC/SwADemoClient/ExpenseUploadWS}ExpenseUploadWS" for "expenseuploadws_client_ep" in WSDL Manager
	at oracle.soa.scac.ValidateComposite.checkInterfaceInWsdlManager(ValidateComposite.java:388)
	at oracle.soa.scac.ValidateComposite.validateServices(ValidateComposite.java:1251)
	at oracle.soa.scac.ValidateComposite.doValidation(ValidateComposite.java:492)
	at oracle.soa.scac.ValidateComposite.run(ValidateComposite.java:150)
	at oracle.soa.scac.ValidateComposite.main(ValidateComposite.java:135)
INFO: validating "SwAClient.bpel" ...
oracle.jrf.UnknownPlatformException: JRF is unable to determine the current application server platform.
	at oracle.jrf.ServerPlatformSupportFactory.getInstance(ServerPlatformSupportFactory.java:79)
	at oracle.integration.platform.blocks.WLSPlatformConfigurationProvider.<clinit>(WLSPlatformConfigurationProvider.java:44)
	at oracle.integration.platform.blocks.FabricConfigManager.<clinit>(FabricConfigManager.java:155)
	at oracle.integration.platform.blocks.xpath.FabricXPathFunctionResolver.loadXpathFunctions(FabricXPathFunctionResolver.java:271)
	at oracle.integration.platform.blocks.xpath.FabricXPathFunctionResolver.loadXPathConfigFile(FabricXPathFunctionResolver.java:153)
	at oracle.integration.platform.blocks.xpath.FabricXPathFunctionResolver.init(FabricXPathFunctionResolver.java:51)
	at com.collaxa.cube.xml.xpath.BPELXPathFunctionNameResolver.loadFabricXpathFunctions(BPELXPathFunctionNameResolver.java:57)
	at com.collaxa.cube.xml.xpath.BPELXPathFunctionNameResolver.<init>(BPELXPathFunctionNameResolver.java:48)
	at com.collaxa.cube.xml.xpath.BPELXPathFunctionNameResolver.<clinit>(BPELXPathFunctionNameResolver.java:44)
	at com.collaxa.cube.lang.compiler.bpel.XPathExprValidatorVisitor.<init>(XPathExprValidatorVisitor.java:122)
	at com.collaxa.cube.lang.compiler.bpel.AssignValidator.<init>(AssignValidator.java:89)
	at com.collaxa.cube.lang.compiler.bpel.BpelParser.<init>(BpelParser.java:452)
	at com.collaxa.cube.lang.compiler.bpel.BPELValidator.validate(BPELValidator.java:60)
	at com.collaxa.cube.lang.compiler.BPEL1Processor.validate(BPEL1Processor.java:329)
	at com.collaxa.cube.lang.compiler.BPEL1Processor.process(BPEL1Processor.java:153)
	at com.collaxa.cube.lang.compiler.CubeParserHelper.compile(CubeParserHelper.java:47)
	at oracle.fabric.bpel.bpelc.BPELComponentValidator.validate(BPELComponentValidator.java:40)
	at oracle.soa.scac.ValidateComposite.validateComponentTypeServicesReferences(ValidateComposite.java:1117)
	at oracle.soa.scac.ValidateComposite.doValidation(ValidateComposite.java:500)
	at oracle.soa.scac.ValidateComposite.run(ValidateComposite.java:150)
	at oracle.soa.scac.ValidateComposite.main(ValidateComposite.java:135)
oracle.fabric.common.FabricException: Error in getting XML input stream: file:/Users/stewartleach/Logicaltech/clients/entity/projects/finance-proof-of-concept/Source/SOAPwithAttachments/SwADemoClient/ExpenseUploadWS.wsdl: /Users/stewartleach/Logicaltech/clients/entity/projects/finance-proof-of-concept/Source/SOAPwithAttachments/SwADemoClient/ExpenseUploadWS.wsdl (No such file or directory)
	at oracle.fabric.common.metadata.MetadataManagerImpl.getInputStreamFromAbsoluteURL(MetadataManagerImpl.java:280)
	at oracle.integration.platform.common.MDSMetadataManagerImpl.getInputStreamFromAbsoluteURL(MDSMetadataManagerImpl.java:557)
	at oracle.fabric.common.metadata.MetadataManagerImpl.getDocumentAsInputStream(MetadataManagerImpl.java:159)
	at oracle.integration.platform.common.MDSMetadataManagerImpl.getDocumentAsInputStream(MDSMetadataManagerImpl.java:419)
	at oracle.fabric.common.wsdl.WSDLManager.loadWSDL(WSDLManager.java:244)
	at oracle.fabric.common.wsdl.WSDLManager.loadWSDL(WSDLManager.java:308)
	at oracle.fabric.composite.model.CompositeModel.loadImports(CompositeModel.java:364)
	at oracle.fabric.composite.model.CompositeModel.getWSDLManager(CompositeModel.java:198)
	at com.collaxa.cube.lang.compiler.ComponentCompilationModel.getWSDLManager(ComponentCompilationModel.java:61)
	at com.collaxa.cube.lang.compiler.BPELComponentCompilationModel.lookupPartnerLinkType(BPELComponentCompilationModel.java:147)
	at com.collaxa.cube.lang.compiler.bpel.BpelParser.assertPartnerLink(BpelParser.java:4650)
	at com.collaxa.cube.lang.compiler.bpel.BpelParser.parsePartnerLink(BpelParser.java:1399)
	at com.collaxa.cube.lang.compiler.bpel.BpelParser.startElement(BpelParser.java:654)
	at com.collaxa.cube.lang.compiler.bpel.BpelParser.parseElement(BpelParser.java:573)
	at com.collaxa.cube.lang.compiler.bpel.BpelParser.parseElement(BpelParser.java:580)
	at com.collaxa.cube.lang.compiler.bpel.BpelParser.parseElement(BpelParser.java:580)
	at com.collaxa.cube.lang.compiler.bpel.BpelParser.parse(BpelParser.java:536)
	at com.collaxa.cube.lang.compiler.bpel.BpelParser.parse(BpelParser.java:483)
	at com.collaxa.cube.lang.compiler.bpel.BPELValidator.validate(BPELValidator.java:65)
	at com.collaxa.cube.lang.compiler.BPEL1Processor.validate(BPEL1Processor.java:329)
	at com.collaxa.cube.lang.compiler.BPEL1Processor.process(BPEL1Processor.java:153)
	at com.collaxa.cube.lang.compiler.CubeParserHelper.compile(CubeParserHelper.java:47)
	at oracle.fabric.bpel.bpelc.BPELComponentValidator.validate(BPELComponentValidator.java:40)
	at oracle.soa.scac.ValidateComposite.validateComponentTypeServicesReferences(ValidateComposite.java:1117)
	at oracle.soa.scac.ValidateComposite.doValidation(ValidateComposite.java:500)
	at oracle.soa.scac.ValidateComposite.run(ValidateComposite.java:150)
	at oracle.soa.scac.ValidateComposite.main(ValidateComposite.java:135)
Caused by: java.io.FileNotFoundException: /Users/stewartleach/Logicaltech/clients/entity/projects/finance-proof-of-concept/Source/SOAPwithAttachments/SwADemoClient/ExpenseUploadWS.wsdl (No such file or directory)
	at java.io.FileInputStream.open(Native Method)
	at java.io.FileInputStream.<init>(FileInputStream.java:120)
	at java.io.FileInputStream.<init>(FileInputStream.java:79)
	at sun.net.www.protocol.file.FileURLConnection.connect(FileURLConnection.java:70)
	at sun.net.www.protocol.file.FileURLConnection.getInputStream(FileURLConnection.java:161)
	at java.net.URL.openStream(URL.java:1010)
	at oracle.fabric.common.metadata.MetadataManagerImpl.getInputStreamFromAbsoluteURL(MetadataManagerImpl.java:276)
	... 26 more
oracle.fabric.common.FabricException: Error in getting XML input stream: file:/Users/stewartleach/Logicaltech/clients/entity/projects/finance-proof-of-concept/Source/SOAPwithAttachments/SwADemoClient/ExpenseUploadWS.wsdl: /Users/stewartleach/Logicaltech/clients/entity/projects/finance-proof-of-concept/Source/SOAPwithAttachments/SwADemoClient/ExpenseUploadWS.wsdl (No such file or directory)
	at oracle.fabric.common.metadata.MetadataManagerImpl.getInputStreamFromAbsoluteURL(MetadataManagerImpl.java:280)
	at oracle.integration.platform.common.MDSMetadataManagerImpl.getInputStreamFromAbsoluteURL(MDSMetadataManagerImpl.java:557)
	at oracle.fabric.common.metadata.MetadataManagerImpl.getDocumentAsInputStream(MetadataManagerImpl.java:159)
	at oracle.integration.platform.common.MDSMetadataManagerImpl.getDocumentAsInputStream(MDSMetadataManagerImpl.java:419)
	at oracle.fabric.common.wsdl.WSDLManager.loadWSDL(WSDLManager.java:244)
	at oracle.fabric.common.wsdl.WSDLManager.loadWSDL(WSDLManager.java:308)
	at oracle.fabric.composite.model.CompositeModel.loadImports(CompositeModel.java:364)
	at oracle.fabric.composite.model.CompositeModel.getWSDLManager(CompositeModel.java:198)
	at com.collaxa.cube.lang.compiler.ComponentCompilationModel.getWSDLManager(ComponentCompilationModel.java:61)
	at com.collaxa.cube.lang.compiler.BPELComponentCompilationModel.lookupPartnerLinkType(BPELComponentCompilationModel.java:147)
	at com.collaxa.cube.lang.compiler.bpel.BpelParser.assertPartnerLink(BpelParser.java:4650)
	at com.collaxa.cube.lang.compiler.bpel.BpelParser.parsePartnerLink(BpelParser.java:1399)
	at com.collaxa.cube.lang.compiler.bpel.BpelParser.startElement(BpelParser.java:654)
	at com.collaxa.cube.lang.compiler.bpel.BpelParser.parseElement(BpelParser.java:573)
	at com.collaxa.cube.lang.compiler.bpel.BpelParser.parseElement(BpelParser.java:580)
	at com.collaxa.cube.lang.compiler.bpel.BpelParser.parseElement(BpelParser.java:580)
	at com.collaxa.cube.lang.compiler.bpel.BpelParser.parse(BpelParser.java:536)
	at com.collaxa.cube.lang.compiler.bpel.BpelParser.parse(BpelParser.java:483)
	at com.collaxa.cube.lang.compiler.bpel.BPELValidator.validate(BPELValidator.java:65)
	at com.collaxa.cube.lang.compiler.BPEL1Processor.validate(BPEL1Processor.java:329)
	at com.collaxa.cube.lang.compiler.BPEL1Processor.process(BPEL1Processor.java:153)
	at com.collaxa.cube.lang.compiler.CubeParserHelper.compile(CubeParserHelper.java:47)
	at oracle.fabric.bpel.bpelc.BPELComponentValidator.validate(BPELComponentValidator.java:40)
	at oracle.soa.scac.ValidateComposite.validateComponentTypeServicesReferences(ValidateComposite.java:1117)
	at oracle.soa.scac.ValidateComposite.doValidation(ValidateComposite.java:500)
	at oracle.soa.scac.ValidateComposite.run(ValidateComposite.java:150)
	at oracle.soa.scac.ValidateComposite.main(ValidateComposite.java:135)
Caused by: java.io.FileNotFoundException: /Users/stewartleach/Logicaltech/clients/entity/projects/finance-proof-of-concept/Source/SOAPwithAttachments/SwADemoClient/ExpenseUploadWS.wsdl (No such file or directory)
	at java.io.FileInputStream.open(Native Method)
	at java.io.FileInputStream.<init>(FileInputStream.java:120)
	at java.io.FileInputStream.<init>(FileInputStream.java:79)
	at sun.net.www.protocol.file.FileURLConnection.connect(FileURLConnection.java:70)
	at sun.net.www.protocol.file.FileURLConnection.getInputStream(FileURLConnection.java:161)
	at java.net.URL.openStream(URL.java:1010)
	at oracle.fabric.common.metadata.MetadataManagerImpl.getInputStreamFromAbsoluteURL(MetadataManagerImpl.java:276)
	... 26 more
oracle.fabric.common.FabricException: Error in getting XML input stream: file:/Users/stewartleach/Logicaltech/clients/entity/projects/finance-proof-of-concept/Source/SOAPwithAttachments/SwADemoClient/ExpenseUploadWS.wsdl: /Users/stewartleach/Logicaltech/clients/entity/projects/finance-proof-of-concept/Source/SOAPwithAttachments/SwADemoClient/ExpenseUploadWS.wsdl (No such file or directory)
	at oracle.fabric.common.metadata.MetadataManagerImpl.getInputStreamFromAbsoluteURL(MetadataManagerImpl.java:280)
	at oracle.integration.platform.common.MDSMetadataManagerImpl.getInputStreamFromAbsoluteURL(MDSMetadataManagerImpl.java:557)
	at oracle.fabric.common.metadata.MetadataManagerImpl.getDocumentAsInputStream(MetadataManagerImpl.java:159)
	at oracle.integration.platform.common.MDSMetadataManagerImpl.getDocumentAsInputStream(MDSMetadataManagerImpl.java:419)
	at oracle.fabric.common.wsdl.WSDLManager.loadWSDL(WSDLManager.java:244)
	at oracle.fabric.common.wsdl.WSDLManager.loadWSDL(WSDLManager.java:308)
	at oracle.fabric.composite.model.CompositeModel.loadImports(CompositeModel.java:364)
	at oracle.fabric.composite.model.CompositeModel.getWSDLManager(CompositeModel.java:198)
	at com.collaxa.cube.lang.compiler.ComponentCompilationModel.getWSDLManager(ComponentCompilationModel.java:61)
	at com.collaxa.cube.lang.compiler.BPELComponentCompilationModel.lookupMessage(BPELComponentCompilationModel.java:137)
	at com.collaxa.cube.lang.compiler.bpel.BpelParser.assertMessageType(BpelParser.java:4347)
	at com.collaxa.cube.lang.compiler.bpel.BpelParser.parseVariable(BpelParser.java:1907)
	at com.collaxa.cube.lang.compiler.bpel.BpelParser.startElement(BpelParser.java:674)
	at com.collaxa.cube.lang.compiler.bpel.BpelParser.parseElement(BpelParser.java:573)
	at com.collaxa.cube.lang.compiler.bpel.BpelParser.parseElement(BpelParser.java:580)
	at com.collaxa.cube.lang.compiler.bpel.BpelParser.parseElement(BpelParser.java:580)
	at com.collaxa.cube.lang.compiler.bpel.BpelParser.parse(BpelParser.java:536)
	at com.collaxa.cube.lang.compiler.bpel.BpelParser.parse(BpelParser.java:483)
	at com.collaxa.cube.lang.compiler.bpel.BPELValidator.validate(BPELValidator.java:65)
	at com.collaxa.cube.lang.compiler.BPEL1Processor.validate(BPEL1Processor.java:329)
	at com.collaxa.cube.lang.compiler.BPEL1Processor.process(BPEL1Processor.java:153)
	at com.collaxa.cube.lang.compiler.CubeParserHelper.compile(CubeParserHelper.java:47)
	at oracle.fabric.bpel.bpelc.BPELComponentValidator.validate(BPELComponentValidator.java:40)
	at oracle.soa.scac.ValidateComposite.validateComponentTypeServicesReferences(ValidateComposite.java:1117)
	at oracle.soa.scac.ValidateComposite.doValidation(ValidateComposite.java:500)
	at oracle.soa.scac.ValidateComposite.run(ValidateComposite.java:150)
	at oracle.soa.scac.ValidateComposite.main(ValidateComposite.java:135)
Caused by: java.io.FileNotFoundException: /Users/stewartleach/Logicaltech/clients/entity/projects/finance-proof-of-concept/Source/SOAPwithAttachments/SwADemoClient/ExpenseUploadWS.wsdl (No such file or directory)
	at java.io.FileInputStream.open(Native Method)
	at java.io.FileInputStream.<init>(FileInputStream.java:120)
	at java.io.FileInputStream.<init>(FileInputStream.java:79)
	at sun.net.www.protocol.file.FileURLConnection.connect(FileURLConnection.java:70)
	at sun.net.www.protocol.file.FileURLConnection.getInputStream(FileURLConnection.java:161)
	at java.net.URL.openStream(URL.java:1010)
	at oracle.fabric.common.metadata.MetadataManagerImpl.getInputStreamFromAbsoluteURL(MetadataManagerImpl.java:276)
	... 26 more
